2026-06-19T00:00:31.682+05:30  WARN 14716 --- [revizor] [HikariPool-1:connection-adder] com.zaxxer.hikari.pool.PoolBase          : HikariPool-1 - Pool is empty, failed to create/setup connection (814812a5-3fb1-46d8-919c-fc00ae3e8b3a)

org.postgresql.util.PSQLException: The connection attempt failed.
	at org.postgresql.core.v3.ConnectionFactoryImpl.openConnectionImpl(ConnectionFactoryImpl.java:385) ~[postgresql-42.7.10.jar:42.7.10]
	at org.postgresql.core.ConnectionFactory.openConnection(ConnectionFactory.java:57) ~[postgresql-42.7.10.jar:42.7.10]
	at org.postgresql.jdbc.PgConnection.<init>(PgConnection.java:290) ~[postgresql-42.7.10.jar:42.7.10]
	at org.postgresql.Driver.makeConnection(Driver.java:448) ~[postgresql-42.7.10.jar:42.7.10]
	at org.postgresql.Driver.connect(Driver.java:298) ~[postgresql-42.7.10.jar:42.7.10]
	at com.zaxxer.hikari.util.DriverDataSource.getConnection(DriverDataSource.java:144) ~[HikariCP-7.0.2.jar:na]
	at com.zaxxer.hikari.pool.PoolBase.newConnection(PoolBase.java:373) ~[HikariCP-7.0.2.jar:na]
	at com.zaxxer.hikari.pool.PoolBase.newPoolEntry(PoolBase.java:210) ~[HikariCP-7.0.2.jar:na]
	at com.zaxxer.hikari.pool.HikariPool.createPoolEntry(HikariPool.java:488) ~[HikariCP-7.0.2.jar:na]
	at com.zaxxer.hikari.pool.HikariPool$PoolEntryCreator.call(HikariPool.java:752) ~[HikariCP-7.0.2.jar:na]
	at com.zaxxer.hikari.pool.HikariPool$PoolEntryCreator.call(HikariPool.java:731) ~[HikariCP-7.0.2.jar:na]
	at java.base/java.util.concurrent.FutureTask.run(Unknown Source) ~[na:na]
	at java.base/java.util.concurrent.ThreadPoolExecutor.runWorker(Unknown Source) ~[na:na]
	at java.base/java.util.concurrent.ThreadPoolExecutor$Worker.run(Unknown Source) ~[na:na]
	at java.base/java.lang.Thread.run(Unknown Source) ~[na:na]
Caused by: java.net.UnknownHostException: ep-dark-shape-adbsqv7a-pooler.c-2.us-east-1.aws.neon.tech
	at java.base/sun.nio.ch.NioSocketImpl.connect(Unknown Source) ~[na:na]
	at java.base/java.net.SocksSocketImpl.connect(Unknown Source) ~[na:na]
	at java.base/java.net.Socket.connect(Unknown Source) ~[na:na]
	at org.postgresql.core.PGStream.createSocket(PGStream.java:261) ~[postgresql-42.7.10.jar:42.7.10]
	at org.postgresql.core.PGStream.<init>(PGStream.java:122) ~[postgresql-42.7.10.jar:42.7.10]
	at org.postgresql.core.v3.ConnectionFactoryImpl.tryConnect(ConnectionFactoryImpl.java:146) ~[postgresql-42.7.10.jar:42.7.10]
	at org.postgresql.core.v3.ConnectionFactoryImpl.openConnectionImpl(ConnectionFactoryImpl.java:289) ~[postgresql-42.7.10.jar:42.7.10]
	... 14 common frames omitted

2026-06-19T00:01:41.341+05:30  WARN 14716 --- [revizor] [HikariPool-1:connection-adder] com.zaxxer.hikari.pool.PoolBase          : HikariPool-1 - Pool is empty, failed to create/setup connection (169045de-7366-4fbe-a300-b662b216b35b)

org.postgresql.util.PSQLException: The connection attempt failed.
	at org.postgresql.core.v3.ConnectionFactoryImpl.openConnectionImpl(ConnectionFactoryImpl.java:385) ~[postgresql-42.7.10.jar:42.7.10]
	at org.postgresql.core.ConnectionFactory.openConnection(ConnectionFactory.java:57) ~[postgresql-42.7.10.jar:42.7.10]
	at org.postgresql.jdbc.PgConnection.<init>(PgConnection.java:290) ~[postgresql-42.7.10.jar:42.7.10]
	at org.postgresql.Driver.makeConnection(Driver.java:448) ~[postgresql-42.7.10.jar:42.7.10]
	at org.postgresql.Driver.connect(Driver.java:298) ~[postgresql-42.7.10.jar:42.7.10]
	at com.zaxxer.hikari.util.DriverDataSource.getConnection(DriverDataSource.java:144) ~[HikariCP-7.0.2.jar:na]
	at com.zaxxer.hikari.pool.PoolBase.newConnection(PoolBase.java:373) ~[HikariCP-7.0.2.jar:na]
	at com.zaxxer.hikari.pool.PoolBase.newPoolEntry(PoolBase.java:210) ~[HikariCP-7.0.2.jar:na]
	at com.zaxxer.hikari.pool.HikariPool.createPoolEntry(HikariPool.java:488) ~[HikariCP-7.0.2.jar:na]
	at com.zaxxer.hikari.pool.HikariPool$PoolEntryCreator.call(HikariPool.java:752) ~[HikariCP-7.0.2.jar:na]
	at com.zaxxer.hikari.pool.HikariPool$PoolEntryCreator.call(HikariPool.java:731) ~[HikariCP-7.0.2.jar:na]
	at java.base/java.util.concurrent.FutureTask.run(Unknown Source) ~[na:na]
	at java.base/java.util.concurrent.ThreadPoolExecutor.runWorker(Unknown Source) ~[na:na]
	at java.base/java.util.concurrent.ThreadPoolExecutor$Worker.run(Unknown Source) ~[na:na]
	at java.base/java.lang.Thread.run(Unknown Source) ~[na:na]
Caused by: java.net.UnknownHostException: ep-dark-shape-adbsqv7a-pooler.c-2.us-east-1.aws.neon.tech
	at java.base/sun.nio.ch.NioSocketImpl.connect(Unknown Source) ~[na:na]
	at java.base/java.net.SocksSocketImpl.connect(Unknown Source) ~[na:na]
	at java.base/java.net.Socket.connect(Unknown Source) ~[na:na]
	at org.postgresql.core.PGStream.createSocket(PGStream.java:261) ~[postgresql-42.7.10.jar:42.7.10]
	at org.postgresql.core.PGStream.<init>(PGStream.java:122) ~[postgresql-42.7.10.jar:42.7.10]
	at org.postgresql.core.v3.ConnectionFactoryImpl.tryConnect(ConnectionFactoryImpl.java:146) ~[postgresql-42.7.10.jar:42.7.10]
	at org.postgresql.core.v3.ConnectionFactoryImpl.openConnectionImpl(ConnectionFactoryImpl.java:289) ~[postgresql-42.7.10.jar:42.7.10]
	... 14 common frames omitted

2026-06-19T00:14:10.805+05:30  WARN 14716 --- [revizor] [HikariPool-1:housekeeper] com.zaxxer.hikari.pool.HikariPool        : HikariPool-1 - Thread starvation or clock leap detected (housekeeper delta=12m26s961ms271µs).
2026-06-19T19:20:40.245+05:30  INFO 4960 --- [revizor] [main] c.e.backend.revizor.RevizorApplication   : Starting RevizorApplication using Java 21.0.10 with PID 4960 (C:\Projects\Revizor-Fullstack\backend\target\classes started by gopik in C:\Projects\Revizor-Fullstack)
2026-06-19T19:20:40.248+05:30 DEBUG 4960 --- [revizor] [main] c.e.backend.revizor.RevizorApplication   : Running with Spring Boot v4.0.6, Spring v7.0.7
2026-06-19T19:20:40.249+05:30  INFO 4960 --- [revizor] [main] c.e.backend.revizor.RevizorApplication   : No active profile set, falling back to 1 default profile: "default"
2026-06-19T19:20:41.232+05:30  INFO 4960 --- [revizor] [main] .s.d.r.c.RepositoryConfigurationDelegate : Bootstrapping Spring Data JPA repositories in DEFAULT mode.
2026-06-19T19:20:41.300+05:30  INFO 4960 --- [revizor] [main] .s.d.r.c.RepositoryConfigurationDelegate : Finished Spring Data repository scanning in 58 ms. Found 3 JPA repository interfaces.
2026-06-19T19:20:42.013+05:30  INFO 4960 --- [revizor] [main] o.s.boot.tomcat.TomcatWebServer          : Tomcat initialized with port 8080 (http)
2026-06-19T19:20:42.027+05:30  INFO 4960 --- [revizor] [main] o.apache.catalina.core.StandardService   : Starting service [Tomcat]
2026-06-19T19:20:42.028+05:30  INFO 4960 --- [revizor] [main] o.apache.catalina.core.StandardEngine    : Starting Servlet engine: [Apache Tomcat/11.0.21]
2026-06-19T19:20:42.100+05:30  INFO 4960 --- [revizor] [main] b.w.c.s.WebApplicationContextInitializer : Root WebApplicationContext: initialization completed in 1796 ms
2026-06-19T19:20:42.172+05:30 DEBUG 4960 --- [revizor] [main] c.e.b.revizor.config.JwtAuthFilter       : Filter 'jwtAuthFilter' configured for use
2026-06-19T19:20:42.338+05:30  INFO 4960 --- [revizor] [main] org.hibernate.orm.jpa                    : HHH008540: Processing PersistenceUnitInfo [name: default]
2026-06-19T19:20:42.412+05:30  INFO 4960 --- [revizor] [main] org.hibernate.orm.core                   : HHH000001: Hibernate ORM core version 7.2.12.Final
2026-06-19T19:20:42.898+05:30  INFO 4960 --- [revizor] [main] o.s.o.j.p.SpringPersistenceUnitInfo      : No LoadTimeWeaver setup: ignoring JPA class transformer
2026-06-19T19:20:42.935+05:30  INFO 4960 --- [revizor] [main] com.zaxxer.hikari.HikariDataSource       : HikariPool-1 - Starting...
2026-06-19T19:20:47.703+05:30  INFO 4960 --- [revizor] [main] com.zaxxer.hikari.pool.HikariPool        : HikariPool-1 - Added connection org.postgresql.jdbc.PgConnection@4f9213d2
2026-06-19T19:20:47.705+05:30  INFO 4960 --- [revizor] [main] com.zaxxer.hikari.HikariDataSource       : HikariPool-1 - Start completed.
2026-06-19T19:20:50.044+05:30  INFO 4960 --- [revizor] [main] org.hibernate.orm.connections.pooling    : HHH10001005: Database info:
	Database JDBC URL [jdbc:postgresql://ep-dark-shape-adbsqv7a-pooler.c-2.us-east-1.aws.neon.tech/neondb?sslmode=require&channelBinding=require]
	Database driver: PostgreSQL JDBC Driver
	Database dialect: PostgreSQLDialect
	Database version: 18.4
	Default catalog/schema: neondb/public
	Autocommit mode: undefined/unknown
	Isolation level: READ_COMMITTED [default READ_COMMITTED]
	JDBC fetch size: none
	Pool: DataSourceConnectionProvider
	Minimum pool size: undefined/unknown
	Maximum pool size: undefined/unknown
2026-06-19T19:20:51.049+05:30  INFO 4960 --- [revizor] [main] org.hibernate.orm.core                   : HHH000489: No JTA platform available (set 'hibernate.transaction.jta.platform' to enable JTA platform integration)
2026-06-19T19:20:55.615+05:30  INFO 4960 --- [revizor] [main] j.LocalContainerEntityManagerFactoryBean : Initialized JPA EntityManagerFactory for persistence unit 'default'
2026-06-19T19:20:55.749+05:30  INFO 4960 --- [revizor] [main] o.s.d.j.r.query.QueryEnhancerFactories   : Hibernate is in classpath; If applicable, HQL parser will be used.
2026-06-19T19:20:56.126+05:30  WARN 4960 --- [revizor] [main] JpaBaseConfiguration$JpaWebConfiguration : spring.jpa.open-in-view is enabled by default. Therefore, database queries may be performed during view rendering. Explicitly configure spring.jpa.open-in-view to disable this warning
2026-06-19T19:20:56.193+05:30  WARN 4960 --- [revizor] [main] .s.a.UserDetailsServiceAutoConfiguration : 

Using generated security password: be511661-af25-4bc5-81c6-586b2d528ebf

This generated password is for development use only. Your security configuration must be updated before running your application in production.

2026-06-19T19:20:56.202+05:30  INFO 4960 --- [revizor] [main] r$InitializeUserDetailsManagerConfigurer : Global AuthenticationManager configured with UserDetailsService bean with name inMemoryUserDetailsManager
2026-06-19T19:20:56.836+05:30  INFO 4960 --- [revizor] [main] o.s.boot.tomcat.TomcatWebServer          : Tomcat started on port 8080 (http) with context path '/api'
2026-06-19T19:20:56.849+05:30  INFO 4960 --- [revizor] [main] c.e.backend.revizor.RevizorApplication   : Started RevizorApplication in 17.137 seconds (process running for 17.628)
2026-06-19T19:20:56.854+05:30  WARN 4960 --- [revizor] [main] o.s.core.events.SpringDocAppInitializer  : SpringDoc /v3/api-docs endpoint is enabled by default. To disable it in production, set the property 'springdoc.api-docs.enabled=false'
2026-06-19T19:20:56.854+05:30  WARN 4960 --- [revizor] [main] o.s.core.events.SpringDocAppInitializer  : SpringDoc /swagger-ui.html endpoint is enabled by default. To disable it in production, set the property 'springdoc.swagger-ui.enabled=false'
2026-06-19T19:23:40.415+05:30  INFO 15476 --- [revizor] [main] c.e.backend.revizor.RevizorApplication   : Starting RevizorApplication using Java 21.0.10 with PID 15476 (C:\Projects\Revizor-Fullstack\backend\target\classes started by gopik in C:\Projects\Revizor-Fullstack)
2026-06-19T19:23:40.418+05:30 DEBUG 15476 --- [revizor] [main] c.e.backend.revizor.RevizorApplication   : Running with Spring Boot v4.0.6, Spring v7.0.7
2026-06-19T19:23:40.420+05:30  INFO 15476 --- [revizor] [main] c.e.backend.revizor.RevizorApplication   : No active profile set, falling back to 1 default profile: "default"
2026-06-19T19:23:41.368+05:30  INFO 15476 --- [revizor] [main] .s.d.r.c.RepositoryConfigurationDelegate : Bootstrapping Spring Data JPA repositories in DEFAULT mode.
2026-06-19T19:23:41.436+05:30  INFO 15476 --- [revizor] [main] .s.d.r.c.RepositoryConfigurationDelegate : Finished Spring Data repository scanning in 57 ms. Found 3 JPA repository interfaces.
2026-06-19T19:23:42.136+05:30  INFO 15476 --- [revizor] [main] o.s.boot.tomcat.TomcatWebServer          : Tomcat initialized with port 8080 (http)
2026-06-19T19:23:42.193+05:30  INFO 15476 --- [revizor] [main] o.apache.catalina.core.StandardService   : Starting service [Tomcat]
2026-06-19T19:23:42.200+05:30  INFO 15476 --- [revizor] [main] o.apache.catalina.core.StandardEngine    : Starting Servlet engine: [Apache Tomcat/11.0.21]
2026-06-19T19:23:42.288+05:30  INFO 15476 --- [revizor] [main] b.w.c.s.WebApplicationContextInitializer : Root WebApplicationContext: initialization completed in 1817 ms
2026-06-19T19:23:42.361+05:30 DEBUG 15476 --- [revizor] [main] c.e.b.revizor.config.JwtAuthFilter       : Filter 'jwtAuthFilter' configured for use
2026-06-19T19:23:42.530+05:30  INFO 15476 --- [revizor] [main] org.hibernate.orm.jpa                    : HHH008540: Processing PersistenceUnitInfo [name: default]
2026-06-19T19:23:42.617+05:30  INFO 15476 --- [revizor] [main] org.hibernate.orm.core                   : HHH000001: Hibernate ORM core version 7.2.12.Final
2026-06-19T19:23:43.268+05:30  INFO 15476 --- [revizor] [main] o.s.o.j.p.SpringPersistenceUnitInfo      : No LoadTimeWeaver setup: ignoring JPA class transformer
2026-06-19T19:23:43.343+05:30  INFO 15476 --- [revizor] [main] com.zaxxer.hikari.HikariDataSource       : HikariPool-1 - Starting...
2026-06-19T19:23:47.489+05:30  INFO 15476 --- [revizor] [main] com.zaxxer.hikari.pool.HikariPool        : HikariPool-1 - Added connection org.postgresql.jdbc.PgConnection@5e1a7d3
2026-06-19T19:23:47.493+05:30  INFO 15476 --- [revizor] [main] com.zaxxer.hikari.HikariDataSource       : HikariPool-1 - Start completed.
2026-06-19T19:23:50.015+05:30  INFO 15476 --- [revizor] [main] org.hibernate.orm.connections.pooling    : HHH10001005: Database info:
	Database JDBC URL [jdbc:postgresql://ep-dark-shape-adbsqv7a-pooler.c-2.us-east-1.aws.neon.tech/neondb?sslmode=require&channelBinding=require]
	Database driver: PostgreSQL JDBC Driver
	Database dialect: PostgreSQLDialect
	Database version: 18.4
	Default catalog/schema: neondb/public
	Autocommit mode: undefined/unknown
	Isolation level: READ_COMMITTED [default READ_COMMITTED]
	JDBC fetch size: none
	Pool: DataSourceConnectionProvider
	Minimum pool size: undefined/unknown
	Maximum pool size: undefined/unknown
2026-06-19T19:23:51.875+05:30  INFO 15476 --- [revizor] [main] org.hibernate.orm.core                   : HHH000489: No JTA platform available (set 'hibernate.transaction.jta.platform' to enable JTA platform integration)
2026-06-19T19:23:57.142+05:30  INFO 15476 --- [revizor] [main] j.LocalContainerEntityManagerFactoryBean : Initialized JPA EntityManagerFactory for persistence unit 'default'
2026-06-19T19:23:57.325+05:30  INFO 15476 --- [revizor] [main] o.s.d.j.r.query.QueryEnhancerFactories   : Hibernate is in classpath; If applicable, HQL parser will be used.
2026-06-19T19:23:57.685+05:30  WARN 15476 --- [revizor] [main] JpaBaseConfiguration$JpaWebConfiguration : spring.jpa.open-in-view is enabled by default. Therefore, database queries may be performed during view rendering. Explicitly configure spring.jpa.open-in-view to disable this warning
2026-06-19T19:23:57.774+05:30  WARN 15476 --- [revizor] [main] .s.a.UserDetailsServiceAutoConfiguration : 

Using generated security password: 8eeadb24-62bc-42d7-ba94-0d78f010322f

This generated password is for development use only. Your security configuration must be updated before running your application in production.

2026-06-19T19:23:57.783+05:30  INFO 15476 --- [revizor] [main] r$InitializeUserDetailsManagerConfigurer : Global AuthenticationManager configured with UserDetailsService bean with name inMemoryUserDetailsManager
2026-06-19T19:23:58.340+05:30  INFO 15476 --- [revizor] [main] o.s.boot.tomcat.TomcatWebServer          : Tomcat started on port 8080 (http) with context path '/api'
2026-06-19T19:23:58.348+05:30  INFO 15476 --- [revizor] [main] c.e.backend.revizor.RevizorApplication   : Started RevizorApplication in 18.814 seconds (process running for 19.617)
2026-06-19T19:23:58.352+05:30  WARN 15476 --- [revizor] [main] o.s.core.events.SpringDocAppInitializer  : SpringDoc /v3/api-docs endpoint is enabled by default. To disable it in production, set the property 'springdoc.api-docs.enabled=false'
2026-06-19T19:23:58.352+05:30  WARN 15476 --- [revizor] [main] o.s.core.events.SpringDocAppInitializer  : SpringDoc /swagger-ui.html endpoint is enabled by default. To disable it in production, set the property 'springdoc.swagger-ui.enabled=false'
2026-06-19T19:24:17.963+05:30  INFO 15476 --- [revizor] [http-nio-8080-exec-1] o.a.c.c.C.[Tomcat].[localhost].[/api]    : Initializing Spring DispatcherServlet 'dispatcherServlet'
2026-06-19T19:24:17.965+05:30  INFO 15476 --- [revizor] [http-nio-8080-exec-1] o.s.web.servlet.DispatcherServlet        : Initializing Servlet 'dispatcherServlet'
2026-06-19T19:24:17.972+05:30  INFO 15476 --- [revizor] [http-nio-8080-exec-1] o.s.web.servlet.DispatcherServlet        : Completed initialization in 6 ms
2026-06-19T19:24:18.294+05:30  INFO 15476 --- [revizor] [http-nio-8080-exec-2] c.e.b.revizor.controller.UserController  : Login attempt for email: c@gmail.com
2026-06-19T19:24:18.294+05:30 DEBUG 15476 --- [revizor] [http-nio-8080-exec-2] c.e.backend.revizor.service.UserService  : Fetching user by email: c@gmail.com
2026-06-19T19:24:19.982+05:30 TRACE 15476 --- [revizor] [http-nio-8080-exec-2] org.hibernate.orm.jdbc.bind              : binding parameter (1:VARCHAR) <- [c@gmail.com]
2026-06-19T19:24:20.572+05:30  WARN 15476 --- [revizor] [http-nio-8080-exec-2] c.e.backend.revizor.service.UserService  : Invalid login attempt: c@gmail.com
2026-06-19T19:24:55.083+05:30  INFO 15476 --- [revizor] [http-nio-8080-exec-3] c.e.b.revizor.controller.UserController  : Signup request received for email: c@gmail.com
2026-06-19T19:24:55.083+05:30 DEBUG 15476 --- [revizor] [http-nio-8080-exec-3] c.e.backend.revizor.service.UserService  : Checking if email exists: c@gmail.com
2026-06-19T19:24:55.341+05:30 TRACE 15476 --- [revizor] [http-nio-8080-exec-3] org.hibernate.orm.jdbc.bind              : binding parameter (1:VARCHAR) <- [c@gmail.com]
2026-06-19T19:24:55.597+05:30  INFO 15476 --- [revizor] [http-nio-8080-exec-3] c.e.backend.revizor.service.UserService  : Creating new user: c@gmail.com
2026-06-19T19:24:55.976+05:30 TRACE 15476 --- [revizor] [http-nio-8080-exec-3] org.hibernate.orm.jdbc.bind              : binding parameter (1:VARCHAR) <- [c@gmail.com]
2026-06-19T19:24:55.977+05:30 TRACE 15476 --- [revizor] [http-nio-8080-exec-3] org.hibernate.orm.jdbc.bind              : binding parameter (2:VARCHAR) <- [aaa]
2026-06-19T19:24:55.978+05:30 TRACE 15476 --- [revizor] [http-nio-8080-exec-3] org.hibernate.orm.jdbc.bind              : binding parameter (3:VARCHAR) <- [bbb]
2026-06-19T19:24:55.981+05:30 TRACE 15476 --- [revizor] [http-nio-8080-exec-3] org.hibernate.orm.jdbc.bind              : binding parameter (4:VARCHAR) <- [$2a$10$wLzyocnD5VS2/VSyXyABdOSVIqtN2k/.3ti4Kv1G/qzrjALG.Hkia]
2026-06-19T19:24:55.982+05:30 TRACE 15476 --- [revizor] [http-nio-8080-exec-3] org.hibernate.orm.jdbc.bind              : binding parameter (5:VARCHAR) <- [Dr. A.P.J. Abdul Technical University, Lucknow]
2026-06-19T19:24:56.983+05:30  INFO 15476 --- [revizor] [http-nio-8080-exec-3] c.e.b.revizor.controller.UserController  : User registered successfully: c@gmail.com
2026-06-19T19:26:15.500+05:30  INFO 14656 --- [revizor] [main] c.e.backend.revizor.RevizorApplication   : Starting RevizorApplication using Java 21.0.10 with PID 14656 (C:\Projects\Revizor-Fullstack\backend\target\classes started by gopik in C:\Projects\Revizor-Fullstack)
2026-06-19T19:26:15.503+05:30 DEBUG 14656 --- [revizor] [main] c.e.backend.revizor.RevizorApplication   : Running with Spring Boot v4.0.6, Spring v7.0.7
2026-06-19T19:26:15.504+05:30  INFO 14656 --- [revizor] [main] c.e.backend.revizor.RevizorApplication   : No active profile set, falling back to 1 default profile: "default"
2026-06-19T19:26:16.452+05:30  INFO 14656 --- [revizor] [main] .s.d.r.c.RepositoryConfigurationDelegate : Bootstrapping Spring Data JPA repositories in DEFAULT mode.
2026-06-19T19:26:16.540+05:30  INFO 14656 --- [revizor] [main] .s.d.r.c.RepositoryConfigurationDelegate : Finished Spring Data repository scanning in 78 ms. Found 3 JPA repository interfaces.
2026-06-19T19:26:17.249+05:30  INFO 14656 --- [revizor] [main] o.s.boot.tomcat.TomcatWebServer          : Tomcat initialized with port 8080 (http)
2026-06-19T19:26:17.263+05:30  INFO 14656 --- [revizor] [main] o.apache.catalina.core.StandardService   : Starting service [Tomcat]
2026-06-19T19:26:17.264+05:30  INFO 14656 --- [revizor] [main] o.apache.catalina.core.StandardEngine    : Starting Servlet engine: [Apache Tomcat/11.0.21]
2026-06-19T19:26:17.337+05:30  INFO 14656 --- [revizor] [main] b.w.c.s.WebApplicationContextInitializer : Root WebApplicationContext: initialization completed in 1770 ms
2026-06-19T19:26:17.415+05:30 DEBUG 14656 --- [revizor] [main] c.e.b.revizor.config.JwtAuthFilter       : Filter 'jwtAuthFilter' configured for use
2026-06-19T19:26:17.557+05:30  INFO 14656 --- [revizor] [main] org.hibernate.orm.jpa                    : HHH008540: Processing PersistenceUnitInfo [name: default]
2026-06-19T19:26:17.613+05:30  INFO 14656 --- [revizor] [main] org.hibernate.orm.core                   : HHH000001: Hibernate ORM core version 7.2.12.Final
2026-06-19T19:26:18.102+05:30  INFO 14656 --- [revizor] [main] o.s.o.j.p.SpringPersistenceUnitInfo      : No LoadTimeWeaver setup: ignoring JPA class transformer
2026-06-19T19:26:18.133+05:30  INFO 14656 --- [revizor] [main] com.zaxxer.hikari.HikariDataSource       : HikariPool-1 - Starting...
2026-06-19T19:26:21.583+05:30  INFO 14656 --- [revizor] [main] com.zaxxer.hikari.pool.HikariPool        : HikariPool-1 - Added connection org.postgresql.jdbc.PgConnection@4f9213d2
2026-06-19T19:26:21.587+05:30  INFO 14656 --- [revizor] [main] com.zaxxer.hikari.HikariDataSource       : HikariPool-1 - Start completed.
2026-06-19T19:26:23.705+05:30  INFO 14656 --- [revizor] [main] org.hibernate.orm.connections.pooling    : HHH10001005: Database info:
	Database JDBC URL [jdbc:postgresql://ep-dark-shape-adbsqv7a-pooler.c-2.us-east-1.aws.neon.tech/neondb?sslmode=require&channelBinding=require]
	Database driver: PostgreSQL JDBC Driver
	Database dialect: PostgreSQLDialect
	Database version: 18.4
	Default catalog/schema: neondb/public
	Autocommit mode: undefined/unknown
	Isolation level: READ_COMMITTED [default READ_COMMITTED]
	JDBC fetch size: none
	Pool: DataSourceConnectionProvider
	Minimum pool size: undefined/unknown
	Maximum pool size: undefined/unknown
2026-06-19T19:26:25.185+05:30  INFO 14656 --- [revizor] [main] org.hibernate.orm.core                   : HHH000489: No JTA platform available (set 'hibernate.transaction.jta.platform' to enable JTA platform integration)
2026-06-19T19:26:28.997+05:30  INFO 14656 --- [revizor] [main] j.LocalContainerEntityManagerFactoryBean : Initialized JPA EntityManagerFactory for persistence unit 'default'
2026-06-19T19:26:29.137+05:30  INFO 14656 --- [revizor] [main] o.s.d.j.r.query.QueryEnhancerFactories   : Hibernate is in classpath; If applicable, HQL parser will be used.
2026-06-19T19:26:29.465+05:30  WARN 14656 --- [revizor] [main] JpaBaseConfiguration$JpaWebConfiguration : spring.jpa.open-in-view is enabled by default. Therefore, database queries may be performed during view rendering. Explicitly configure spring.jpa.open-in-view to disable this warning
2026-06-19T19:26:29.533+05:30  WARN 14656 --- [revizor] [main] .s.a.UserDetailsServiceAutoConfiguration : 

Using generated security password: 11721204-baa9-4602-90a2-d45c9b0a2c75

This generated password is for development use only. Your security configuration must be updated before running your application in production.

2026-06-19T19:26:29.544+05:30  INFO 14656 --- [revizor] [main] r$InitializeUserDetailsManagerConfigurer : Global AuthenticationManager configured with UserDetailsService bean with name inMemoryUserDetailsManager
2026-06-19T19:26:30.097+05:30  INFO 14656 --- [revizor] [main] o.s.boot.tomcat.TomcatWebServer          : Tomcat started on port 8080 (http) with context path '/api'
2026-06-19T19:26:30.109+05:30  INFO 14656 --- [revizor] [main] c.e.backend.revizor.RevizorApplication   : Started RevizorApplication in 15.554 seconds (process running for 15.992)
2026-06-19T19:26:30.112+05:30  WARN 14656 --- [revizor] [main] o.s.core.events.SpringDocAppInitializer  : SpringDoc /v3/api-docs endpoint is enabled by default. To disable it in production, set the property 'springdoc.api-docs.enabled=false'
2026-06-19T19:26:30.113+05:30  WARN 14656 --- [revizor] [main] o.s.core.events.SpringDocAppInitializer  : SpringDoc /swagger-ui.html endpoint is enabled by default. To disable it in production, set the property 'springdoc.swagger-ui.enabled=false'
2026-06-19T19:27:13.771+05:30  INFO 1236 --- [revizor] [main] c.e.backend.revizor.RevizorApplication   : Starting RevizorApplication using Java 21.0.10 with PID 1236 (C:\Projects\Revizor-Fullstack\backend\target\classes started by gopik in C:\Projects\Revizor-Fullstack)
2026-06-19T19:27:13.776+05:30 DEBUG 1236 --- [revizor] [main] c.e.backend.revizor.RevizorApplication   : Running with Spring Boot v4.0.6, Spring v7.0.7
2026-06-19T19:27:13.777+05:30  INFO 1236 --- [revizor] [main] c.e.backend.revizor.RevizorApplication   : No active profile set, falling back to 1 default profile: "default"
2026-06-19T19:27:14.708+05:30  INFO 1236 --- [revizor] [main] .s.d.r.c.RepositoryConfigurationDelegate : Bootstrapping Spring Data JPA repositories in DEFAULT mode.
2026-06-19T19:27:14.772+05:30  INFO 1236 --- [revizor] [main] .s.d.r.c.RepositoryConfigurationDelegate : Finished Spring Data repository scanning in 56 ms. Found 3 JPA repository interfaces.
2026-06-19T19:27:15.425+05:30  INFO 1236 --- [revizor] [main] o.s.boot.tomcat.TomcatWebServer          : Tomcat initialized with port 8080 (http)
2026-06-19T19:27:15.440+05:30  INFO 1236 --- [revizor] [main] o.apache.catalina.core.StandardService   : Starting service [Tomcat]
2026-06-19T19:27:15.441+05:30  INFO 1236 --- [revizor] [main] o.apache.catalina.core.StandardEngine    : Starting Servlet engine: [Apache Tomcat/11.0.21]
2026-06-19T19:27:15.510+05:30  INFO 1236 --- [revizor] [main] b.w.c.s.WebApplicationContextInitializer : Root WebApplicationContext: initialization completed in 1680 ms
2026-06-19T19:27:15.576+05:30 DEBUG 1236 --- [revizor] [main] c.e.b.revizor.config.JwtAuthFilter       : Filter 'jwtAuthFilter' configured for use
2026-06-19T19:27:15.742+05:30  INFO 1236 --- [revizor] [main] org.hibernate.orm.jpa                    : HHH008540: Processing PersistenceUnitInfo [name: default]
2026-06-19T19:27:15.795+05:30  INFO 1236 --- [revizor] [main] org.hibernate.orm.core                   : HHH000001: Hibernate ORM core version 7.2.12.Final
2026-06-19T19:27:16.243+05:30  INFO 1236 --- [revizor] [main] o.s.o.j.p.SpringPersistenceUnitInfo      : No LoadTimeWeaver setup: ignoring JPA class transformer
2026-06-19T19:27:16.288+05:30  INFO 1236 --- [revizor] [main] com.zaxxer.hikari.HikariDataSource       : HikariPool-1 - Starting...
2026-06-19T19:27:20.294+05:30  INFO 1236 --- [revizor] [main] com.zaxxer.hikari.pool.HikariPool        : HikariPool-1 - Added connection org.postgresql.jdbc.PgConnection@5e1a7d3
2026-06-19T19:27:20.298+05:30  INFO 1236 --- [revizor] [main] com.zaxxer.hikari.HikariDataSource       : HikariPool-1 - Start completed.
2026-06-19T19:27:22.216+05:30  INFO 1236 --- [revizor] [main] org.hibernate.orm.connections.pooling    : HHH10001005: Database info:
	Database JDBC URL [jdbc:postgresql://ep-dark-shape-adbsqv7a-pooler.c-2.us-east-1.aws.neon.tech/neondb?sslmode=require&channelBinding=require]
	Database driver: PostgreSQL JDBC Driver
	Database dialect: PostgreSQLDialect
	Database version: 18.4
	Default catalog/schema: neondb/public
	Autocommit mode: undefined/unknown
	Isolation level: READ_COMMITTED [default READ_COMMITTED]
	JDBC fetch size: none
	Pool: DataSourceConnectionProvider
	Minimum pool size: undefined/unknown
	Maximum pool size: undefined/unknown
2026-06-19T19:27:23.338+05:30  INFO 1236 --- [revizor] [main] org.hibernate.orm.core                   : HHH000489: No JTA platform available (set 'hibernate.transaction.jta.platform' to enable JTA platform integration)
2026-06-19T19:27:25.988+05:30  INFO 1236 --- [revizor] [main] j.LocalContainerEntityManagerFactoryBean : Initialized JPA EntityManagerFactory for persistence unit 'default'
2026-06-19T19:27:26.154+05:30  INFO 1236 --- [revizor] [main] o.s.d.j.r.query.QueryEnhancerFactories   : Hibernate is in classpath; If applicable, HQL parser will be used.
2026-06-19T19:27:26.464+05:30  WARN 1236 --- [revizor] [main] JpaBaseConfiguration$JpaWebConfiguration : spring.jpa.open-in-view is enabled by default. Therefore, database queries may be performed during view rendering. Explicitly configure spring.jpa.open-in-view to disable this warning
2026-06-19T19:27:26.539+05:30  WARN 1236 --- [revizor] [main] .s.a.UserDetailsServiceAutoConfiguration : 

Using generated security password: 483c7646-801a-4d19-95eb-40162da0776b

This generated password is for development use only. Your security configuration must be updated before running your application in production.

2026-06-19T19:27:26.549+05:30  INFO 1236 --- [revizor] [main] r$InitializeUserDetailsManagerConfigurer : Global AuthenticationManager configured with UserDetailsService bean with name inMemoryUserDetailsManager
2026-06-19T19:27:27.156+05:30  INFO 1236 --- [revizor] [main] o.s.boot.tomcat.TomcatWebServer          : Tomcat started on port 8080 (http) with context path '/api'
2026-06-19T19:27:27.167+05:30  INFO 1236 --- [revizor] [main] c.e.backend.revizor.RevizorApplication   : Started RevizorApplication in 13.961 seconds (process running for 14.876)
2026-06-19T19:27:27.170+05:30  WARN 1236 --- [revizor] [main] o.s.core.events.SpringDocAppInitializer  : SpringDoc /v3/api-docs endpoint is enabled by default. To disable it in production, set the property 'springdoc.api-docs.enabled=false'
2026-06-19T19:27:27.171+05:30  WARN 1236 --- [revizor] [main] o.s.core.events.SpringDocAppInitializer  : SpringDoc /swagger-ui.html endpoint is enabled by default. To disable it in production, set the property 'springdoc.swagger-ui.enabled=false'
2026-06-19T19:30:35.231+05:30  INFO 1236 --- [revizor] [http-nio-8080-exec-1] o.a.c.c.C.[Tomcat].[localhost].[/api]    : Initializing Spring DispatcherServlet 'dispatcherServlet'
2026-06-19T19:30:35.233+05:30  INFO 1236 --- [revizor] [http-nio-8080-exec-1] o.s.web.servlet.DispatcherServlet        : Initializing Servlet 'dispatcherServlet'
2026-06-19T19:30:35.235+05:30  INFO 1236 --- [revizor] [http-nio-8080-exec-1] o.s.web.servlet.DispatcherServlet        : Completed initialization in 2 ms
2026-06-19T19:30:35.892+05:30  INFO 1236 --- [revizor] [http-nio-8080-exec-3] c.e.b.revizor.controller.FileController  : File upload request received for userId: 1
2026-06-19T19:30:37.216+05:30 TRACE 1236 --- [revizor] [http-nio-8080-exec-3] org.hibernate.orm.jdbc.bind              : binding parameter (1:BIGINT) <- [1]
2026-06-19T19:30:37.524+05:30 TRACE 1236 --- [revizor] [http-nio-8080-exec-3] org.hibernate.orm.jdbc.bind              : binding parameter (1:BIGINT) <- [1]
2026-06-19T19:30:37.912+05:30 TRACE 1236 --- [revizor] [http-nio-8080-exec-3] org.hibernate.orm.jdbc.bind              : binding parameter (1:BIGINT) <- [1]
2026-06-19T22:06:50.412+05:30  WARN 1236 --- [revizor] [HikariPool-1:housekeeper] com.zaxxer.hikari.pool.PoolBase          : HikariPool-1 - Failed to validate connection org.postgresql.jdbc.PgConnection@2570fcdf (This connection has been closed.). Possibly consider using a shorter maxLifetime value.
2026-06-19T22:06:50.432+05:30  WARN 1236 --- [revizor] [HikariPool-1:housekeeper] com.zaxxer.hikari.pool.HikariPool        : HikariPool-1 - Thread starvation or clock leap detected (housekeeper delta=2h22m59s630ms612µs500ns).
2026-06-19T22:06:50.468+05:30  WARN 1236 --- [revizor] [HikariPool-1:housekeeper] com.zaxxer.hikari.pool.PoolBase          : HikariPool-1 - Failed to validate connection org.postgresql.jdbc.PgConnection@699b188d (This connection has been closed.). Possibly consider using a shorter maxLifetime value.
2026-06-19T22:06:50.503+05:30  WARN 1236 --- [revizor] [HikariPool-1:housekeeper] com.zaxxer.hikari.pool.PoolBase          : HikariPool-1 - Failed to validate connection org.postgresql.jdbc.PgConnection@71f27366 (This connection has been closed.). Possibly consider using a shorter maxLifetime value.
2026-06-19T22:06:50.526+05:30  WARN 1236 --- [revizor] [HikariPool-1:housekeeper] com.zaxxer.hikari.pool.PoolBase          : HikariPool-1 - Failed to validate connection org.postgresql.jdbc.PgConnection@661288bd (This connection has been closed.). Possibly consider using a shorter maxLifetime value.
2026-06-19T22:06:50.549+05:30  WARN 1236 --- [revizor] [HikariPool-1:housekeeper] com.zaxxer.hikari.pool.PoolBase          : HikariPool-1 - Failed to validate connection org.postgresql.jdbc.PgConnection@5193a9c7 (This connection has been closed.). Possibly consider using a shorter maxLifetime value.
2026-06-19T22:06:50.585+05:30  WARN 1236 --- [revizor] [HikariPool-1:housekeeper] com.zaxxer.hikari.pool.PoolBase          : HikariPool-1 - Failed to validate connection org.postgresql.jdbc.PgConnection@60fd8c08 (This connection has been closed.). Possibly consider using a shorter maxLifetime value.
2026-06-19T22:06:50.607+05:30  WARN 1236 --- [revizor] [HikariPool-1:housekeeper] com.zaxxer.hikari.pool.PoolBase          : HikariPool-1 - Failed to validate connection org.postgresql.jdbc.PgConnection@2f6aa32 (This connection has been closed.). Possibly consider using a shorter maxLifetime value.
2026-06-19T22:06:50.622+05:30  WARN 1236 --- [revizor] [HikariPool-1:housekeeper] com.zaxxer.hikari.pool.PoolBase          : HikariPool-1 - Failed to validate connection org.postgresql.jdbc.PgConnection@5e1a7d3 (This connection has been closed.). Possibly consider using a shorter maxLifetime value.
2026-06-19T22:06:50.635+05:30  WARN 1236 --- [revizor] [HikariPool-1:housekeeper] com.zaxxer.hikari.pool.PoolBase          : HikariPool-1 - Failed to validate connection org.postgresql.jdbc.PgConnection@70539db1 (This connection has been closed.). Possibly consider using a shorter maxLifetime value.
2026-06-19T22:06:50.648+05:30  WARN 1236 --- [revizor] [HikariPool-1:housekeeper] com.zaxxer.hikari.pool.PoolBase          : HikariPool-1 - Failed to validate connection org.postgresql.jdbc.PgConnection@3c42cfed (This connection has been closed.). Possibly consider using a shorter maxLifetime value.
2026-06-19T22:32:52.157+05:30  WARN 1236 --- [revizor] [HikariPool-1:connection-adder] com.zaxxer.hikari.pool.PoolBase          : HikariPool-1 - Pool is empty, failed to create/setup connection (39bade04-78f9-4f71-9f45-9cb6bb49aa6e)

org.postgresql.util.PSQLException: The connection attempt failed.
	at org.postgresql.core.v3.ConnectionFactoryImpl.openConnectionImpl(ConnectionFactoryImpl.java:385) ~[postgresql-42.7.10.jar:42.7.10]
	at org.postgresql.core.ConnectionFactory.openConnection(ConnectionFactory.java:57) ~[postgresql-42.7.10.jar:42.7.10]
	at org.postgresql.jdbc.PgConnection.<init>(PgConnection.java:290) ~[postgresql-42.7.10.jar:42.7.10]
	at org.postgresql.Driver.makeConnection(Driver.java:448) ~[postgresql-42.7.10.jar:42.7.10]
	at org.postgresql.Driver.connect(Driver.java:298) ~[postgresql-42.7.10.jar:42.7.10]
	at com.zaxxer.hikari.util.DriverDataSource.getConnection(DriverDataSource.java:144) ~[HikariCP-7.0.2.jar:na]
	at com.zaxxer.hikari.pool.PoolBase.newConnection(PoolBase.java:373) ~[HikariCP-7.0.2.jar:na]
	at com.zaxxer.hikari.pool.PoolBase.newPoolEntry(PoolBase.java:210) ~[HikariCP-7.0.2.jar:na]
	at com.zaxxer.hikari.pool.HikariPool.createPoolEntry(HikariPool.java:488) ~[HikariCP-7.0.2.jar:na]
	at com.zaxxer.hikari.pool.HikariPool$PoolEntryCreator.call(HikariPool.java:752) ~[HikariCP-7.0.2.jar:na]
	at com.zaxxer.hikari.pool.HikariPool$PoolEntryCreator.call(HikariPool.java:731) ~[HikariCP-7.0.2.jar:na]
	at java.base/java.util.concurrent.FutureTask.run(Unknown Source) ~[na:na]
	at java.base/java.util.concurrent.ThreadPoolExecutor.runWorker(Unknown Source) ~[na:na]
	at java.base/java.util.concurrent.ThreadPoolExecutor$Worker.run(Unknown Source) ~[na:na]
	at java.base/java.lang.Thread.run(Unknown Source) ~[na:na]
Caused by: java.net.SocketException: Connection reset
	at java.base/sun.nio.ch.NioSocketImpl.implRead(Unknown Source) ~[na:na]
	at java.base/sun.nio.ch.NioSocketImpl.read(Unknown Source) ~[na:na]
	at java.base/sun.nio.ch.NioSocketImpl$1.read(Unknown Source) ~[na:na]
	at java.base/java.net.Socket$SocketInputStream.read(Unknown Source) ~[na:na]
	at java.base/sun.security.ssl.SSLSocketInputRecord.read(Unknown Source) ~[na:na]
	at java.base/sun.security.ssl.SSLSocketInputRecord.readHeader(Unknown Source) ~[na:na]
	at java.base/sun.security.ssl.SSLSocketInputRecord.bytesInCompletePacket(Unknown Source) ~[na:na]
	at java.base/sun.security.ssl.SSLSocketImpl.readApplicationRecord(Unknown Source) ~[na:na]
	at java.base/sun.security.ssl.SSLSocketImpl$AppInputStream.read(Unknown Source) ~[na:na]
	at org.postgresql.core.VisibleBufferedInputStream.readMore(VisibleBufferedInputStream.java:192) ~[postgresql-42.7.10.jar:42.7.10]
	at org.postgresql.core.VisibleBufferedInputStream.ensureBytes(VisibleBufferedInputStream.java:159) ~[postgresql-42.7.10.jar:42.7.10]
	at org.postgresql.core.VisibleBufferedInputStream.ensureBytes(VisibleBufferedInputStream.java:144) ~[postgresql-42.7.10.jar:42.7.10]
	at org.postgresql.core.VisibleBufferedInputStream.read(VisibleBufferedInputStream.java:76) ~[postgresql-42.7.10.jar:42.7.10]
	at org.postgresql.core.PGStream.receiveChar(PGStream.java:477) ~[postgresql-42.7.10.jar:42.7.10]
	at org.postgresql.core.v3.ConnectionFactoryImpl.doAuthentication(ConnectionFactoryImpl.java:745) ~[postgresql-42.7.10.jar:42.7.10]
	at org.postgresql.core.v3.ConnectionFactoryImpl.tryConnect(ConnectionFactoryImpl.java:234) ~[postgresql-42.7.10.jar:42.7.10]
	at org.postgresql.core.v3.ConnectionFactoryImpl.openConnectionImpl(ConnectionFactoryImpl.java:289) ~[postgresql-42.7.10.jar:42.7.10]
	... 14 common frames omitted

2026-06-19T23:24:34.530+05:30  WARN 1236 --- [revizor] [HikariPool-1:housekeeper] com.zaxxer.hikari.pool.HikariPool        : HikariPool-1 - Thread starvation or clock leap detected (housekeeper delta=1h17m44s98ms294µs700ns).
2026-06-19T23:34:09.511+05:30  INFO 24276 --- [revizor] [main] c.e.backend.revizor.RevizorApplication   : Starting RevizorApplication using Java 21.0.10 with PID 24276 (C:\Projects\Revizor-Fullstack\backend\target\classes started by gopik in C:\Projects\Revizor-Fullstack)
2026-06-19T23:34:09.516+05:30 DEBUG 24276 --- [revizor] [main] c.e.backend.revizor.RevizorApplication   : Running with Spring Boot v4.0.6, Spring v7.0.7
2026-06-19T23:34:09.517+05:30  INFO 24276 --- [revizor] [main] c.e.backend.revizor.RevizorApplication   : No active profile set, falling back to 1 default profile: "default"
2026-06-19T23:34:10.468+05:30  INFO 24276 --- [revizor] [main] .s.d.r.c.RepositoryConfigurationDelegate : Bootstrapping Spring Data JPA repositories in DEFAULT mode.
2026-06-19T23:34:10.532+05:30  INFO 24276 --- [revizor] [main] .s.d.r.c.RepositoryConfigurationDelegate : Finished Spring Data repository scanning in 54 ms. Found 3 JPA repository interfaces.
2026-06-19T23:34:11.257+05:30  INFO 24276 --- [revizor] [main] o.s.boot.tomcat.TomcatWebServer          : Tomcat initialized with port 8080 (http)
2026-06-19T23:34:11.274+05:30  INFO 24276 --- [revizor] [main] o.apache.catalina.core.StandardService   : Starting service [Tomcat]
2026-06-19T23:34:11.274+05:30  INFO 24276 --- [revizor] [main] o.apache.catalina.core.StandardEngine    : Starting Servlet engine: [Apache Tomcat/11.0.21]
2026-06-19T23:34:11.352+05:30  INFO 24276 --- [revizor] [main] b.w.c.s.WebApplicationContextInitializer : Root WebApplicationContext: initialization completed in 1783 ms
2026-06-19T23:34:11.417+05:30 DEBUG 24276 --- [revizor] [main] c.e.b.revizor.config.JwtAuthFilter       : Filter 'jwtAuthFilter' configured for use
2026-06-19T23:34:11.591+05:30  INFO 24276 --- [revizor] [main] org.hibernate.orm.jpa                    : HHH008540: Processing PersistenceUnitInfo [name: default]
2026-06-19T23:34:11.678+05:30  INFO 24276 --- [revizor] [main] org.hibernate.orm.core                   : HHH000001: Hibernate ORM core version 7.2.12.Final
2026-06-19T23:34:12.194+05:30  INFO 24276 --- [revizor] [main] o.s.o.j.p.SpringPersistenceUnitInfo      : No LoadTimeWeaver setup: ignoring JPA class transformer
2026-06-19T23:34:12.236+05:30  INFO 24276 --- [revizor] [main] com.zaxxer.hikari.HikariDataSource       : HikariPool-1 - Starting...
2026-06-19T23:34:17.874+05:30  INFO 24276 --- [revizor] [main] com.zaxxer.hikari.pool.HikariPool        : HikariPool-1 - Added connection org.postgresql.jdbc.PgConnection@5e1a7d3
2026-06-19T23:34:17.879+05:30  INFO 24276 --- [revizor] [main] com.zaxxer.hikari.HikariDataSource       : HikariPool-1 - Start completed.
2026-06-19T23:34:20.777+05:30  INFO 24276 --- [revizor] [main] org.hibernate.orm.connections.pooling    : HHH10001005: Database info:
	Database JDBC URL [jdbc:postgresql://ep-dark-shape-adbsqv7a-pooler.c-2.us-east-1.aws.neon.tech/neondb?sslmode=require&channelBinding=require]
	Database driver: PostgreSQL JDBC Driver
	Database dialect: PostgreSQLDialect
	Database version: 18.4
	Default catalog/schema: neondb/public
	Autocommit mode: undefined/unknown
	Isolation level: READ_COMMITTED [default READ_COMMITTED]
	JDBC fetch size: none
	Pool: DataSourceConnectionProvider
	Minimum pool size: undefined/unknown
	Maximum pool size: undefined/unknown
2026-06-19T23:34:22.209+05:30  INFO 24276 --- [revizor] [main] org.hibernate.orm.core                   : HHH000489: No JTA platform available (set 'hibernate.transaction.jta.platform' to enable JTA platform integration)
2026-06-19T23:34:26.677+05:30  INFO 24276 --- [revizor] [main] j.LocalContainerEntityManagerFactoryBean : Initialized JPA EntityManagerFactory for persistence unit 'default'
2026-06-19T23:34:26.866+05:30  INFO 24276 --- [revizor] [main] o.s.d.j.r.query.QueryEnhancerFactories   : Hibernate is in classpath; If applicable, HQL parser will be used.
2026-06-19T23:34:27.276+05:30  WARN 24276 --- [revizor] [main] JpaBaseConfiguration$JpaWebConfiguration : spring.jpa.open-in-view is enabled by default. Therefore, database queries may be performed during view rendering. Explicitly configure spring.jpa.open-in-view to disable this warning
2026-06-19T23:34:27.355+05:30  WARN 24276 --- [revizor] [main] .s.a.UserDetailsServiceAutoConfiguration : 

Using generated security password: 40fbd0a1-0424-442f-bf31-ddd4399414fe

This generated password is for development use only. Your security configuration must be updated before running your application in production.

2026-06-19T23:34:27.363+05:30  INFO 24276 --- [revizor] [main] r$InitializeUserDetailsManagerConfigurer : Global AuthenticationManager configured with UserDetailsService bean with name inMemoryUserDetailsManager
2026-06-19T23:34:28.011+05:30  INFO 24276 --- [revizor] [main] o.s.boot.tomcat.TomcatWebServer          : Tomcat started on port 8080 (http) with context path '/api'
2026-06-19T23:34:28.019+05:30  INFO 24276 --- [revizor] [main] c.e.backend.revizor.RevizorApplication   : Started RevizorApplication in 19.005 seconds (process running for 19.694)
2026-06-19T23:34:28.024+05:30  WARN 24276 --- [revizor] [main] o.s.core.events.SpringDocAppInitializer  : SpringDoc /v3/api-docs endpoint is enabled by default. To disable it in production, set the property 'springdoc.api-docs.enabled=false'
2026-06-19T23:34:28.027+05:30  WARN 24276 --- [revizor] [main] o.s.core.events.SpringDocAppInitializer  : SpringDoc /swagger-ui.html endpoint is enabled by default. To disable it in production, set the property 'springdoc.swagger-ui.enabled=false'
